<?xml version="1.0" encoding="UTF-8"?>
<metadata xmlns:dc="http://purl.org/dc/elements/1.1/">
	<dc:title>
		chh
	</dc:title>
	<sex>
		male
	</sex>
</metadata>
